<?xml version="1.0" encoding="UTF-8"?>
<testng-results ignored="0" total="1" passed="1" failed="0" skipped="0">
  <reporter-output>
  </reporter-output>
  <suite started-at="2020-05-29T17:39:24Z" name="Default suite" finished-at="2020-05-29T17:39:31Z" duration-ms="6755">
    <groups>
    </groups>
    <test started-at="2020-05-29T17:39:24Z" name="Default test" finished-at="2020-05-29T17:39:31Z" duration-ms="6755">
      <class name="demo_API.Postman">
        <test-method signature="Testing()[pri:0, instance:demo_API.Postman@79efed2d]" started-at="2020-05-29T17:39:24Z" name="Testing" finished-at="2020-05-29T17:39:31Z" duration-ms="6720" status="PASS">
          <reporter-output>
          </reporter-output>
        </test-method> <!-- Testing -->
      </class> <!-- demo_API.Postman -->
    </test> <!-- Default test -->
  </suite> <!-- Default suite -->
</testng-results>
